<?xml version="1.0" encoding="UTF-8" ?>
<testsuites>
<testsuite name="countdown " errors="0" tests="15" failures="0" time="0.02" timestamp="2018-10-04T13:44:45">
  <testcase classname="countdown " name="from date before to date is valid" time="0.008"></testcase>
  <testcase classname="countdown " name="from date after to date is invalid" time="0.001"></testcase>
  <testcase classname="countdown " name="from 1-12-2015 to 31-12-2015 is 30 days" time="0.002"></testcase>
  <testcase classname="countdown " name="from 1-12-2015 to 2-12-2015 is 1 day" time="0"></testcase>
  <testcase classname="countdown " name="from 1-12-2015 10:00 to 1-12-2015 11:00 is 1 hour" time="0.001"></testcase>
  <testcase classname="countdown " name="from 1-12-2015 10:00 to 1-12-2015 10:59 is 59 minutes" time="0"></testcase>
  <testcase classname="countdown " name="from 1-12-2015 10:00:00 to 1-12-2015 10:00:59 is 59 seconds" time="0"></testcase>
  <testcase classname="countdown " name="invalid countdown to return a difference of 0" time="0"></testcase>
  <testcase classname="countdown " name="countdown from 01-12-2015 10:00 Europe/Amsterdam to 01-12-2015 10:00 America/Los_Angeles to be 9 hours" time="0.004"></testcase>
  <testcase classname="countdown " name="use case 1 : countdown from 06-10-2016 14:20 Europe/Paris to 11-10-2016 23:59 Europe/Paris to be 3 days" time="0.001"></testcase>
  <testcase classname="countdown " name="use case 2: (other non working day) countdown from 06-10-2016 14:20 Europe/Paris
			to 11-10-2016 23:59 Europe/Paris to be 3 days" time="0"></testcase>
  <testcase classname="countdown " name="use case 3 : diff from 16-10-2016 11:38 Europe/Paris to 30-10-2016 23:59 Europe/Paris
			With skip no-working days to be 14.5 days" time="0.001"></testcase>
  <testcase classname="countdown " name="use case 3 bis: diff from 13-10-2016 11:38 Europe/Paris to 30-10-2016 23:59 Europe/Paris
			With skip no-working days to be 19 days" time="0"></testcase>
  <testcase classname="countdown " name="use case 4 : diff from 16-10-2016 11:38 Europe/Paris to 30-10-2016 23:59 Europe/Paris
			With No skip no-working days to be 19 days" time="0.002"></testcase>
  <testcase classname="countdown " name="use case 5: diff from 23-10-2016 11:38 Europe/Paris to 30-10-2016 23:59 Europe/Paris
			With skip no-working days to be 7 days" time="0"></testcase>
</testsuite>
</testsuites>